09-19 17:14:20 com_github_MitjaNemec_ReplicateLayout.action_replicate_layout 392:Plugin executed on: 'win32'
09-19 17:14:20 com_github_MitjaNemec_ReplicateLayout.action_replicate_layout 393:Plugin executed with python version: '3.11.5 (main, Aug 14 2024, 05:26:19) [MSC v.1939 64 bit (AMD64)]'
09-19 17:14:20 com_github_MitjaNemec_ReplicateLayout.action_replicate_layout 394:KiCad build version: 8.0.5
09-19 17:14:20 com_github_MitjaNemec_ReplicateLayout.action_replicate_layout 395:Plugin version: 3.0.3
09-19 17:14:20 com_github_MitjaNemec_ReplicateLayout.action_replicate_layout 396:Frame repr: <wx._core.Frame object at 0x0000022D29988820>
09-19 17:14:20 com_github_MitjaNemec_ReplicateLayout.action_replicate_layout 420:Preparing replicator with K1 as a reference
09-19 17:14:20 com_github_MitjaNemec_ReplicateLayout.replicate_layout 117:getting a list of all footprints on board
09-19 17:14:20 com_github_MitjaNemec_ReplicateLayout.action_replicate_layout 468:source anchor footprint is 'K1'
Located on: ['Relay1']
With filenames: ['Relay.kicad_sch']
With sheet_id:['Relay1']
09-19 17:14:20 com_github_MitjaNemec_ReplicateLayout.action_replicate_layout 475:Corresponding footprints are 
[('K7', ['Relay7']), ('K6', ['Relay6']), ('K5', ['Relay5']), ('K4', ['Relay4']), ('K2', ['Relay2']), ('K8', ['Relay8']), ('K3', ['Relay3']), ('K1', ['Relay1'])]
09-19 17:14:20 com_github_MitjaNemec_ReplicateLayout.action_replicate_layout 487:Showing dialog
09-19 17:14:20 com_github_MitjaNemec_ReplicateLayout.replicate_layout 472:constructing a list of sheets suitable for replication on level:'Relay1', file:'Relay.kicad_sch'
09-19 17:14:20 com_github_MitjaNemec_ReplicateLayout.replicate_layout 509:suitable sheets are:[['Relay2'], ['Relay3'], ['Relay4'], ['Relay5'], ['Relay6'], ['Relay7'], ['Relay8']]
09-19 17:14:20 com_github_MitjaNemec_ReplicateLayout.replicate_layout 1507:Level selected: ['Relay1']
09-19 17:14:20 com_github_MitjaNemec_ReplicateLayout.replicate_layout 1331:Filtering list of tracks
09-19 17:14:20 com_github_MitjaNemec_ReplicateLayout.action_replicate_layout 493:Toolbar position: wx.Point(1702, 111)
09-19 17:14:20 com_github_MitjaNemec_ReplicateLayout.action_replicate_layout 498:Dialog position: wx.Point(1263, 111)
09-19 17:14:25 com_github_MitjaNemec_ReplicateLayout.replicate_layout 472:constructing a list of sheets suitable for replication on level:'Relay1', file:'Relay.kicad_sch'
09-19 17:14:25 com_github_MitjaNemec_ReplicateLayout.replicate_layout 509:suitable sheets are:[['Relay2'], ['Relay3'], ['Relay4'], ['Relay5'], ['Relay6'], ['Relay7'], ['Relay8']]
09-19 17:14:25 com_github_MitjaNemec_ReplicateLayout.action_replicate_layout 240:Replicating layout
09-19 17:14:25 com_github_MitjaNemec_ReplicateLayout.replicate_layout 288:Starting replication of sheets: [['Relay2'], ['Relay3'], ['Relay4'], ['Relay5'], ['Relay6'], ['Relay7'], ['Relay8']]
on level: ['Relay1']
with tracks=True, zone=True, text=True, text=True, intersecting=False, remove=True, locked footprints=False, group_only=False
09-19 17:14:25 root 332:updating GUI message: 'Preparing for replication'
09-19 17:14:25 root 337:updating GUI with: 0
09-19 17:14:25 com_github_MitjaNemec_ReplicateLayout.replicate_layout 358:Getting the list of source footprints
09-19 17:14:25 com_github_MitjaNemec_ReplicateLayout.replicate_layout 368:Getting the list of all the remaining footprints
09-19 17:14:25 com_github_MitjaNemec_ReplicateLayout.replicate_layout 375:Getting source tracks
09-19 17:14:25 com_github_MitjaNemec_ReplicateLayout.replicate_layout 1331:Filtering list of tracks
09-19 17:14:25 com_github_MitjaNemec_ReplicateLayout.replicate_layout 379:Getting source zones
09-19 17:14:25 com_github_MitjaNemec_ReplicateLayout.replicate_layout 383:Getting source text items
09-19 17:14:25 com_github_MitjaNemec_ReplicateLayout.replicate_layout 387:Getting source drawing items
